<?xml version="1.0" encoding="UTF-8"?>
<!-- Generated by org.testng.reporters.JUnitReportReporter -->
<testsuite hostname="LAPTOP-1FI2MCQ5" failures="0" tests="2" name="qaclickacademyz.Mavenjava.RESTAPITest" time="0.002" errors="0" timestamp="2021-09-13T18:09:31 IST" skipped="0">
  <testcase classname="qaclickacademyz.Mavenjava.RESTAPITest" name="deleteTwitter" time="0.001"/>
  <system-out/>
  <testcase classname="qaclickacademyz.Mavenjava.RESTAPITest" name="postJira" time="0.001"/>
  <system-out/>
</testsuite> <!-- qaclickacademyz.Mavenjava.RESTAPITest -->
