<?xml version="1.0" encoding="UTF-8"?>
<!-- Generated by org.testng.reporters.JUnitReportReporter -->
<testsuite hostname="LAPTOP-1FI2MCQ5" failures="0" tests="3" name="qaclickacademyz.Mavenjava.SeleniumTest" time="0.009" errors="0" timestamp="2021-09-13T18:09:31 IST" skipped="0">
  <testcase classname="qaclickacademyz.Mavenjava.SeleniumTest" name="twinklingStar" time="0.001"/>
  <system-out/>
  <testcase classname="qaclickacademyz.Mavenjava.SeleniumTest" name="elementsUi" time="0.001"/>
  <system-out/>
  <testcase classname="qaclickacademyz.Mavenjava.SeleniumTest" name="BrowserAutomation" time="0.007"/>
  <system-out/>
</testsuite> <!-- qaclickacademyz.Mavenjava.SeleniumTest -->
