<?xml version="1.0" encoding="UTF-8"?>
<!-- Generated by org.testng.reporters.JUnitReportReporter -->
<testsuite hostname="DESKTOP-SR8ECGU" failures="0" tests="2" name="clickacademy.Mavenjava.SeleniumTest" time="0.013" errors="0" timestamp="2021-09-22T12:12:29 IST" skipped="0">
  <testcase classname="clickacademy.Mavenjava.SeleniumTest" name="elementUI" time="0.002"/>
  <system-out/>
  <testcase classname="clickacademy.Mavenjava.SeleniumTest" name="BrowserAutomation" time="0.011"/>
  <system-out/>
</testsuite> <!-- clickacademy.Mavenjava.SeleniumTest -->
