<?xml version="1.0" encoding="UTF-8"?>
<!-- Generated by org.testng.reporters.JUnitReportReporter -->
<testsuite hostname="LAPTOP-1FI2MCQ5" failures="0" tests="2" name="qaclickacademyz.Mavenjava.AppiumTest" time="0.010" errors="0" timestamp="2021-09-13T11:45:37 IST" skipped="0">
  <testcase classname="qaclickacademyz.Mavenjava.AppiumTest" name="nativeAppAndroid" time="0.001"/>
  <system-out/>
  <testcase classname="qaclickacademyz.Mavenjava.AppiumTest" name="IosApps" time="0.009"/>
  <system-out/>
</testsuite> <!-- qaclickacademyz.Mavenjava.AppiumTest -->
