<?xml version="1.0" encoding="UTF-8"?>
<!-- Generated by org.testng.reporters.JUnitReportReporter -->
<testsuite hostname="DESKTOP-SR8ECGU" failures="0" tests="2" name="clickacademy.Mavenjava.AppiumTest" time="0.003" errors="0" timestamp="2021-09-22T12:12:29 IST" skipped="0">
  <testcase classname="clickacademy.Mavenjava.AppiumTest" name="postJira" time="0.002"/>
  <system-out/>
  <testcase classname="clickacademy.Mavenjava.AppiumTest" name="deleteTwitter" time="0.001"/>
  <system-out/>
</testsuite> <!-- clickacademy.Mavenjava.AppiumTest -->
