<?xml version="1.0" encoding="UTF-8"?>
<!-- Generated by org.testng.reporters.JUnitReportReporter -->
<testsuite skipped="0" hostname="LAPTOP-1FI2MCQ5" name="qaclickacademyz.Mavenjava.AppiumTest" tests="3" failures="0" timestamp="13 Sep 2021 12:59:56 GMT" time="0.006" errors="0">
  <testcase name="nativeAppAndroid" time="0.000" classname="qaclickacademyz.Mavenjava.AppiumTest"/>
  <testcase name="IosApps" time="0.006" classname="qaclickacademyz.Mavenjava.AppiumTest"/>
  <testcase name="abcdShop" time="0.000" classname="qaclickacademyz.Mavenjava.AppiumTest"/>
</testsuite> <!-- qaclickacademyz.Mavenjava.AppiumTest -->
