<?xml version="1.0" encoding="UTF-8"?>
<!-- Generated by org.testng.reporters.JUnitReportReporter -->
<testsuite skipped="0" hostname="LAPTOP-1FI2MCQ5" name="qaclickacademyz.Mavenjava.SeleniumTest" tests="3" failures="0" timestamp="13 Sep 2021 12:59:56 GMT" time="0.002" errors="0">
  <testcase name="twinklingStar" time="0.000" classname="qaclickacademyz.Mavenjava.SeleniumTest"/>
  <testcase name="BrowserAutomation" time="0.001" classname="qaclickacademyz.Mavenjava.SeleniumTest"/>
  <testcase name="elementsUi" time="0.001" classname="qaclickacademyz.Mavenjava.SeleniumTest"/>
</testsuite> <!-- qaclickacademyz.Mavenjava.SeleniumTest -->
