<?xml version="1.0" encoding="UTF-8"?>
<!-- Generated by org.testng.reporters.JUnitReportReporter -->
<testsuite hostname="DESKTOP-SR8ECGU" failures="0" tests="2" name="clickacademy.Mavenjava.SeleniumTest" time="0.001" errors="0" timestamp="2021-09-22T14:07:55 IST" skipped="0">
  <testcase classname="clickacademy.Mavenjava.SeleniumTest" name="elementUI" time="0.001"/>
  <system-out/>
  <testcase classname="clickacademy.Mavenjava.SeleniumTest" name="BrowserAutomation" time="0.000"/>
  <system-out/>
</testsuite> <!-- clickacademy.Mavenjava.SeleniumTest -->
