<?xml version="1.0" encoding="UTF-8"?>
<!-- Generated by org.testng.reporters.JUnitReportReporter -->
<testsuite skipped="0" hostname="LAPTOP-1FI2MCQ5" name="qaclickacademyz.Mavenjava.RESTAPITest" tests="2" failures="0" timestamp="13 Sep 2021 12:59:56 GMT" time="0.000" errors="0">
  <testcase name="deleteTwitter" time="0.000" classname="qaclickacademyz.Mavenjava.RESTAPITest"/>
  <testcase name="postJira" time="0.000" classname="qaclickacademyz.Mavenjava.RESTAPITest"/>
</testsuite> <!-- qaclickacademyz.Mavenjava.RESTAPITest -->
